Dec 28 22:32:49.033: vmx| Log for VMware Workstation pid=4284 version=6.0.0 build=build-45731 option=Release
Dec 28 22:32:49.033: vmx| Hostname=SYNAPSE
Dec 28 22:32:49.033: vmx| Command line: "C:\Program Files\VMware\VMware Workstation\bin\vmware-vmx.exe" "-#" "name=VMware Workstation;version=6.0.0;licensename=VMware Workstation for Win32;licenseversion=6.0 build-45731;" "-@" "pipe=\\.\pipe\vmx247d25276ecd1104;" "C:\Users\Ecco\Desktop\eos-core\vm\vm.vmx"
Dec 28 22:32:49.052: vmx| UI Connecting to pipe '\\.\pipe\vmx247d25276ecd1104' with user '(null)'
Dec 28 22:32:49.063: vmx| HD: host version is 6.1.7600
Dec 28 22:32:49.063: vmx| HD: addr 82a932db
Dec 28 22:32:49.067: vmx| HD: 82b5f358, 0
Dec 28 22:32:49.067: vmx| CPU #0 TSC = 270645241340362
Dec 28 22:32:49.067: vmx| CPU #1 TSC = 270645241340320
Dec 28 22:32:49.067: vmx| TSC delta 42
Dec 28 22:32:49.067: vmx| VMMon_GetkHzEstimate: Calculated 2520700 kHz
Dec 28 22:32:49.068: vmx| CPUID[0] vendor: GenuntelineI
Dec 28 22:32:49.068: vmx| CPUID[0] level 00000000, 0: 0x0000000d 0x756e6547 0x6c65746e 0x49656e69
Dec 28 22:32:49.068: vmx| CPUID[0] level 00000001, 0: 0x0001067a 0x00020800 0x0c00e39d 0xbfebfbff
Dec 28 22:32:49.068: vmx| CPUID[0] level 00000002, 0: 0x05b0b101 0x005657f0 0x00000000 0x2cb4307d
Dec 28 22:32:49.068: vmx| CPUID[0] level 00000003, 0: 0x00000000 0x00000000 0x00000000 0x00000000
Dec 28 22:32:49.068: vmx| CPUID[0] level 00000004, 0: 0x00000000 0x00000000 0x00000000 0x00000000
Dec 28 22:32:49.068: vmx| CPUID[0] level 00000005, 0: 0x00000040 0x00000040 0x00000003 0x00022220
Dec 28 22:32:49.068: vmx| CPUID[0] level 00000006, 0: 0x00000001 0x00000002 0x00000003 0x00000000
Dec 28 22:32:49.068: vmx| CPUID[0] level 00000007, 0: 0x00000000 0x00000000 0x00000000 0x00000000
Dec 28 22:32:49.068: vmx| CPUID[0] level 00000008, 0: 0x00000400 0x00000000 0x00000000 0x00000000
Dec 28 22:32:49.068: vmx| CPUID[0] level 00000009, 0: 0x00000000 0x00000000 0x00000000 0x00000000
Dec 28 22:32:49.068: vmx| CPUID[0] level 0000000a, 0: 0x07280202 0x00000000 0x00000000 0x00000503
Dec 28 22:32:49.068: vmx| CPUID[0] level 0000000b, 0: 0x00000000 0x00000000 0x00000000 0x00000000
Dec 28 22:32:49.068: vmx| CPUID[0] level 0000000c, 0: 0x00000000 0x00000000 0x00000000 0x00000000
Dec 28 22:32:49.068: vmx| CPUID[0] level 0000000d, 0: 0x00000000 0x00000000 0x00000000 0x00000000
Dec 28 22:32:49.068: vmx| CPUID[0] level 80000000, 0: 0x80000008 0x00000000 0x00000000 0x00000000
Dec 28 22:32:49.068: vmx| CPUID[0] level 80000001, 0: 0x00000000 0x00000000 0x00000001 0x20100000
Dec 28 22:32:49.068: vmx| CPUID[0] level 80000002, 0: 0x746e6550 0x286d7569 0x44202952 0x2d6c6175
Dec 28 22:32:49.068: vmx| CPUID[0] level 80000003, 0: 0x65726f43 0x50432020 0x20202055 0x45202020
Dec 28 22:32:49.068: vmx| CPUID[0] level 80000004, 0: 0x30303235 0x20402020 0x30352e32 0x007a4847
Dec 28 22:32:49.068: vmx| CPUID[0] level 80000005, 0: 0x00000000 0x00000000 0x00000000 0x00000000
Dec 28 22:32:49.068: vmx| CPUID[0] level 80000006, 0: 0x00000000 0x00000000 0x08006040 0x00000000
Dec 28 22:32:49.068: vmx| CPUID[0] level 80000007, 0: 0x00000000 0x00000000 0x00000000 0x00000000
Dec 28 22:32:49.068: vmx| CPUID[0] level 80000008, 0: 0x00003024 0x00000000 0x00000000 0x00000000
Dec 28 22:32:49.068: vmx| CPUID[1] vendor: GenuntelineI
Dec 28 22:32:49.068: vmx| CPUID[1] level 00000000, 0: 0x0000000d 0x756e6547 0x6c65746e 0x49656e69
Dec 28 22:32:49.068: vmx| CPUID[1] level 00000001, 0: 0x0001067a 0x01020800 0x0c00e39d 0xbfebfbff
Dec 28 22:32:49.068: vmx| CPUID[1] level 00000002, 0: 0x05b0b101 0x005657f0 0x00000000 0x2cb4307d
Dec 28 22:32:49.068: vmx| CPUID[1] level 00000003, 0: 0x00000000 0x00000000 0x00000000 0x00000000
Dec 28 22:32:49.068: vmx| CPUID[1] level 00000004, 0: 0x00000000 0x00000000 0x00000000 0x00000000
Dec 28 22:32:49.068: vmx| CPUID[1] level 00000005, 0: 0x00000040 0x00000040 0x00000003 0x00022220
Dec 28 22:32:49.068: vmx| CPUID[1] level 00000006, 0: 0x00000001 0x00000002 0x00000003 0x00000000
Dec 28 22:32:49.068: vmx| CPUID[1] level 00000007, 0: 0x00000000 0x00000000 0x00000000 0x00000000
Dec 28 22:32:49.068: vmx| CPUID[1] level 00000008, 0: 0x00000400 0x00000000 0x00000000 0x00000000
Dec 28 22:32:49.068: vmx| CPUID[1] level 00000009, 0: 0x00000000 0x00000000 0x00000000 0x00000000
Dec 28 22:32:49.068: vmx| CPUID[1] level 0000000a, 0: 0x07280202 0x00000000 0x00000000 0x00000503
Dec 28 22:32:49.069: vmx| CPUID[1] level 0000000b, 0: 0x00000000 0x00000000 0x00000000 0x00000000
Dec 28 22:32:49.069: vmx| CPUID[1] level 0000000c, 0: 0x00000000 0x00000000 0x00000000 0x00000000
Dec 28 22:32:49.069: vmx| CPUID[1] level 0000000d, 0: 0x00000000 0x00000000 0x00000000 0x00000000
Dec 28 22:32:49.069: vmx| CPUID[1] level 80000000, 0: 0x80000008 0x00000000 0x00000000 0x00000000
Dec 28 22:32:49.069: vmx| CPUID[1] level 80000001, 0: 0x00000000 0x00000000 0x00000001 0x20100000
Dec 28 22:32:49.069: vmx| CPUID[1] level 80000002, 0: 0x746e6550 0x286d7569 0x44202952 0x2d6c6175
Dec 28 22:32:49.069: vmx| CPUID[1] level 80000003, 0: 0x65726f43 0x50432020 0x20202055 0x45202020
Dec 28 22:32:49.069: vmx| CPUID[1] level 80000004, 0: 0x30303235 0x20402020 0x30352e32 0x007a4847
Dec 28 22:32:49.069: vmx| CPUID[1] level 80000005, 0: 0x00000000 0x00000000 0x00000000 0x00000000
Dec 28 22:32:49.069: vmx| CPUID[1] level 80000006, 0: 0x00000000 0x00000000 0x08006040 0x00000000
Dec 28 22:32:49.069: vmx| CPUID[1] level 80000007, 0: 0x00000000 0x00000000 0x00000000 0x00000000
Dec 28 22:32:49.069: vmx| CPUID[1] level 80000008, 0: 0x00003024 0x00000000 0x00000000 0x00000000
Dec 28 22:32:49.069: vmx| hostCPUID vendor: GenuntelineI
Dec 28 22:32:49.069: vmx| hostCPUID level 00000000, 0: 0x0000000d 0x756e6547 0x6c65746e 0x49656e69
Dec 28 22:32:49.069: vmx| hostCPUID level 00000001, 0: 0x0001067a 0x00020800 0x0c00e39d 0xbfebfbff
Dec 28 22:32:49.069: vmx| hostCPUID level 00000002, 0: 0x05b0b101 0x005657f0 0x00000000 0x2cb4307d
Dec 28 22:32:49.069: vmx| hostCPUID level 00000003, 0: 0x00000000 0x00000000 0x00000000 0x00000000
Dec 28 22:32:49.069: vmx| hostCPUID level 00000004, 0: 0x00000000 0x00000000 0x00000000 0x00000000
Dec 28 22:32:49.069: vmx| hostCPUID level 00000005, 0: 0x00000040 0x00000040 0x00000003 0x00022220
Dec 28 22:32:49.069: vmx| hostCPUID level 00000006, 0: 0x00000001 0x00000002 0x00000003 0x00000000
Dec 28 22:32:49.069: vmx| hostCPUID level 00000007, 0: 0x00000000 0x00000000 0x00000000 0x00000000
Dec 28 22:32:49.069: vmx| hostCPUID level 00000008, 0: 0x00000400 0x00000000 0x00000000 0x00000000
Dec 28 22:32:49.069: vmx| hostCPUID level 00000009, 0: 0x00000000 0x00000000 0x00000000 0x00000000
Dec 28 22:32:49.069: vmx| hostCPUID level 0000000a, 0: 0x07280202 0x00000000 0x00000000 0x00000503
Dec 28 22:32:49.069: vmx| hostCPUID level 0000000b, 0: 0x00000000 0x00000000 0x00000000 0x00000000
Dec 28 22:32:49.069: vmx| hostCPUID level 0000000c, 0: 0x00000000 0x00000000 0x00000000 0x00000000
Dec 28 22:32:49.069: vmx| hostCPUID level 0000000d, 0: 0x00000000 0x00000000 0x00000000 0x00000000
Dec 28 22:32:49.069: vmx| hostCPUID level 80000000, 0: 0x80000008 0x00000000 0x00000000 0x00000000
Dec 28 22:32:49.069: vmx| hostCPUID level 80000001, 0: 0x00000000 0x00000000 0x00000001 0x20100000
Dec 28 22:32:49.069: vmx| hostCPUID level 80000002, 0: 0x746e6550 0x286d7569 0x44202952 0x2d6c6175
Dec 28 22:32:49.069: vmx| hostCPUID level 80000003, 0: 0x65726f43 0x50432020 0x20202055 0x45202020
Dec 28 22:32:49.069: vmx| hostCPUID level 80000004, 0: 0x30303235 0x20402020 0x30352e32 0x007a4847
Dec 28 22:32:49.069: vmx| hostCPUID level 80000005, 0: 0x00000000 0x00000000 0x00000000 0x00000000
Dec 28 22:32:49.069: vmx| hostCPUID level 80000006, 0: 0x00000000 0x00000000 0x08006040 0x00000000
Dec 28 22:32:49.069: vmx| hostCPUID level 80000007, 0: 0x00000000 0x00000000 0x00000000 0x00000000
Dec 28 22:32:49.069: vmx| hostCPUID level 80000008, 0: 0x00003024 0x00000000 0x00000000 0x00000000
Dec 28 22:32:49.069: vmx| CPUID Maximum Physical Address Bits supported across all CPUs : 36
Dec 28 22:32:49.074: vmx| Host ACPI: can't find SRAT
Dec 28 22:32:49.074: vmx| Host: SRAT tables not found in memory
Dec 28 22:32:49.275: vmx| ACL_InitCapabilities: current IPC thread
Dec 28 22:32:49.275: vmx| ACL_InitCapabilities: done
Dec 28 22:32:49.275: vmx| changing directory to C:\Users\Ecco\Desktop\eos-core\vm\.
Dec 28 22:32:49.276: vmx| Config file: C:\Users\Ecco\Desktop\eos-core\vm\vm.vmx
Dec 28 22:32:49.308: vmx| VMXVmdb_LoadRawConfig: Loading raw config
Dec 28 22:32:49.343: vmx| VMXVmdbCbVmVmxExecState: Exec state change requested to state poweredOn without reset
Dec 28 22:32:49.343: vmx| PowerOn
Dec 28 22:32:49.343: vmx| Host: WIN32 highest NUMA node 0
Dec 28 22:32:49.343: vmx| Host: WIN32 NUMA node 0, CPU mask 0x0000000000000003
Dec 28 22:32:49.348: vmx| VMXVmdb_LoadRawConfig: Loading raw config
Dec 28 22:32:49.354: vmx| HOST Windows version 6.1, build 7600, platform 2, "", SMP
Dec 28 22:32:49.354: vmx| DICT --- USER PREFERENCES
Dec 28 22:32:49.354: vmx| DICT       pref.eula.0.appName = VMware Workstation
Dec 28 22:32:49.354: vmx| DICT   pref.eula.0.buildNumber = 45731
Dec 28 22:32:49.354: vmx| DICT     pref.mruDest0.present = FALSE
Dec 28 22:32:49.354: vmx| DICT  pref.mruDest0.destString = 
Dec 28 22:32:49.354: vmx| DICT        pref.mruDest0.user = 
Dec 28 22:32:49.354: vmx| DICT     pref.mruDest1.present = FALSE
Dec 28 22:32:49.354: vmx| DICT  pref.mruDest1.destString = 
Dec 28 22:32:49.354: vmx| DICT        pref.mruDest1.user = 
Dec 28 22:32:49.354: vmx| DICT     pref.mruDest2.present = FALSE
Dec 28 22:32:49.354: vmx| DICT  pref.mruDest2.destString = 
Dec 28 22:32:49.354: vmx| DICT        pref.mruDest2.user = 
Dec 28 22:32:49.354: vmx| DICT     pref.mruDest3.present = FALSE
Dec 28 22:32:49.354: vmx| DICT  pref.mruDest3.destString = 
Dec 28 22:32:49.354: vmx| DICT        pref.mruDest3.user = 
Dec 28 22:32:49.354: vmx| DICT     pref.mruDest4.present = FALSE
Dec 28 22:32:49.355: vmx| DICT  pref.mruDest4.destString = 
Dec 28 22:32:49.355: vmx| DICT        pref.mruDest4.user = 
Dec 28 22:32:49.355: vmx| DICT     pref.mruDest5.present = FALSE
Dec 28 22:32:49.355: vmx| DICT  pref.mruDest5.destString = 
Dec 28 22:32:49.355: vmx| DICT        pref.mruDest5.user = 
Dec 28 22:32:49.355: vmx| DICT     pref.mruDest6.present = FALSE
Dec 28 22:32:49.355: vmx| DICT  pref.mruDest6.destString = 
Dec 28 22:32:49.355: vmx| DICT        pref.mruDest6.user = 
Dec 28 22:32:49.355: vmx| DICT     pref.mruDest7.present = FALSE
Dec 28 22:32:49.355: vmx| DICT  pref.mruDest7.destString = 
Dec 28 22:32:49.355: vmx| DICT        pref.mruDest7.user = 
Dec 28 22:32:49.355: vmx| DICT      pref.mruATS0.present = FALSE
Dec 28 22:32:49.355: vmx| DICT    pref.mruATS0.atsString = 
Dec 28 22:32:49.355: vmx| DICT       pref.mruATS0.domain = 
Dec 28 22:32:49.355: vmx| DICT         pref.mruATS0.user = 
Dec 28 22:32:49.355: vmx| DICT       pref.mruATS0.secure = FALSE
Dec 28 22:32:49.355: vmx| DICT         pref.mruATS0.port = 0
Dec 28 22:32:49.355: vmx| DICT      pref.mruATS1.present = FALSE
Dec 28 22:32:49.355: vmx| DICT    pref.mruATS1.atsString = 
Dec 28 22:32:49.355: vmx| DICT       pref.mruATS1.domain = 
Dec 28 22:32:49.355: vmx| DICT         pref.mruATS1.user = 
Dec 28 22:32:49.355: vmx| DICT       pref.mruATS1.secure = FALSE
Dec 28 22:32:49.355: vmx| DICT         pref.mruATS1.port = 0
Dec 28 22:32:49.355: vmx| DICT      pref.mruATS2.present = FALSE
Dec 28 22:32:49.355: vmx| DICT    pref.mruATS2.atsString = 
Dec 28 22:32:49.355: vmx| DICT       pref.mruATS2.domain = 
Dec 28 22:32:49.355: vmx| DICT         pref.mruATS2.user = 
Dec 28 22:32:49.355: vmx| DICT       pref.mruATS2.secure = FALSE
Dec 28 22:32:49.355: vmx| DICT         pref.mruATS2.port = 0
Dec 28 22:32:49.355: vmx| DICT      pref.mruATS3.present = FALSE
Dec 28 22:32:49.355: vmx| DICT    pref.mruATS3.atsString = 
Dec 28 22:32:49.355: vmx| DICT       pref.mruATS3.domain = 
Dec 28 22:32:49.355: vmx| DICT         pref.mruATS3.user = 
Dec 28 22:32:49.355: vmx| DICT       pref.mruATS3.secure = FALSE
Dec 28 22:32:49.355: vmx| DICT         pref.mruATS3.port = 0
Dec 28 22:32:49.355: vmx| DICT      pref.mruATS4.present = FALSE
Dec 28 22:32:49.355: vmx| DICT    pref.mruATS4.atsString = 
Dec 28 22:32:49.355: vmx| DICT       pref.mruATS4.domain = 
Dec 28 22:32:49.355: vmx| DICT         pref.mruATS4.user = 
Dec 28 22:32:49.355: vmx| DICT       pref.mruATS4.secure = FALSE
Dec 28 22:32:49.355: vmx| DICT         pref.mruATS4.port = 0
Dec 28 22:32:49.355: vmx| DICT      pref.mruATS5.present = FALSE
Dec 28 22:32:49.355: vmx| DICT    pref.mruATS5.atsString = 
Dec 28 22:32:49.355: vmx| DICT       pref.mruATS5.domain = 
Dec 28 22:32:49.355: vmx| DICT         pref.mruATS5.user = 
Dec 28 22:32:49.355: vmx| DICT       pref.mruATS5.secure = FALSE
Dec 28 22:32:49.355: vmx| DICT         pref.mruATS5.port = 0
Dec 28 22:32:49.355: vmx| DICT      pref.mruATS6.present = FALSE
Dec 28 22:32:49.355: vmx| DICT    pref.mruATS6.atsString = 
Dec 28 22:32:49.355: vmx| DICT       pref.mruATS6.domain = 
Dec 28 22:32:49.355: vmx| DICT         pref.mruATS6.user = 
Dec 28 22:32:49.355: vmx| DICT       pref.mruATS6.secure = FALSE
Dec 28 22:32:49.355: vmx| DICT         pref.mruATS6.port = 0
Dec 28 22:32:49.355: vmx| DICT      pref.mruATS7.present = FALSE
Dec 28 22:32:49.355: vmx| DICT    pref.mruATS7.atsString = 
Dec 28 22:32:49.355: vmx| DICT       pref.mruATS7.domain = 
Dec 28 22:32:49.355: vmx| DICT         pref.mruATS7.user = 
Dec 28 22:32:49.355: vmx| DICT       pref.mruATS7.secure = FALSE
Dec 28 22:32:49.355: vmx| DICT         pref.mruATS7.port = 0
Dec 28 22:32:49.355: vmx| DICT       webUpdate.checkLast = 1290217323
Dec 28 22:32:49.355: vmx| DICT webUpdate.lastCheck.status = done_updates
Dec 28 22:32:49.355: vmx| DICT   pref.view.toolbars.list = _SEP_,POWER_OFF,SUSPEND,POWER_ON,RESET,SNAPSHOT,REVERT,SNAPSHOT_MANAGER,FAVORITES,QUICK_SWITCH,FULL_SCREEN,SUMMARY,APPLIANCE,CONSOLE,QUICK_MINIMIZE,FILE_EXIT,VPLAY_PLAY,VPLAY_RECORD,VPLAY_STOP
Dec 28 22:32:49.356: vmx| DICT   pref.ws.currentObj.path = /vm/#247d25276ecd1104/
Dec 28 22:32:49.356: vmx| DICT   pref.ws.currentObj.type = vm
Dec 28 22:32:49.356: vmx| DICT pref.ws.openedObj0.present = FALSE
Dec 28 22:32:49.356: vmx| DICT   pref.ws.openedObj0.name = Other
Dec 28 22:32:49.356: vmx| DICT pref.ws.openedObj1.present = TRUE
Dec 28 22:32:49.356: vmx| DICT   pref.ws.openedObj1.type = vm
Dec 28 22:32:49.356: vmx| DICT   pref.ws.openedObj1.path = /vm/#247d25276ecd1104/
Dec 28 22:32:49.356: vmx| DICT   pref.ws.openedObj1.file = C:\Users\Ecco\Desktop\eos-core\vm\vm.vmx
Dec 28 22:32:49.356: vmx| DICT   pref.ws.openedObj1.name = Other
Dec 28 22:32:49.356: vmx| DICT  pref.ws.openedObj.maxNum = 2
Dec 28 22:32:49.356: vmx| DICT       pref.placement.left = 288
Dec 28 22:32:49.356: vmx| DICT        pref.placement.top = 247
Dec 28 22:32:49.356: vmx| DICT      pref.placement.right = 1028
Dec 28 22:32:49.356: vmx| DICT     pref.placement.bottom = 762
Dec 28 22:32:49.356: vmx| DICT            pref.tip.index = 3
Dec 28 22:32:49.356: vmx| DICT           hint.guestos.xp = FALSE
Dec 28 22:32:49.356: vmx| DICT pref.ws.openedObj2.present = TRUE
Dec 28 22:32:49.356: vmx| DICT   pref.ws.openedObj2.name = Other
Dec 28 22:32:49.356: vmx| DICT pref.ws.openedObj3.present = FALSE
Dec 28 22:32:49.356: vmx| DICT   pref.ws.openedObj3.type = vm
Dec 28 22:32:49.356: vmx| DICT   pref.ws.openedObj3.path = /vm/#244e6069d31b4d02/
Dec 28 22:32:49.356: vmx| DICT   pref.ws.openedObj3.file = C:\Users\Ecco\Documents\Virtual Machines\LFS\Other Linux 2.6.x kernel.vmx
Dec 28 22:32:49.356: vmx| DICT   pref.ws.openedObj3.name = LFS
Dec 28 22:32:49.356: vmx| DICT          pref.tip.startup = FALSE
Dec 28 22:32:49.356: vmx| DICT          pref.view.navBar = FALSE
Dec 28 22:32:49.356: vmx| DICT        hint.vmui.poweroff = FALSE
Dec 28 22:32:49.356: vmx| DICT    hint.vmui.vmWizardHint = FALSE
Dec 28 22:32:49.356: vmx| DICT            pref.view.tabs = FALSE
Dec 28 22:32:49.356: vmx| DICT              pref.autoFit = TRUE
Dec 28 22:32:49.356: vmx| DICT       pref.view.statusBar = TRUE
Dec 28 22:32:49.356: vmx| DICT  pref.view.toolbars.power = TRUE
Dec 28 22:32:49.356: vmx| DICT pref.view.toolbars.snapshot = FALSE
Dec 28 22:32:49.356: vmx| DICT pref.view.toolbars.snapshot.position.newLine = FALSE
Dec 28 22:32:49.356: vmx| DICT   pref.view.toolbars.view = TRUE
Dec 28 22:32:49.356: vmx| DICT pref.view.toolbars.view.position.newLine = FALSE
Dec 28 22:32:49.356: vmx| DICT pref.view.toolbars.vplay.position.newLine = FALSE
Dec 28 22:32:49.356: vmx| DICT pref.autoFitGuestToWindow = FALSE
Dec 28 22:32:49.356: vmx| DICT hint.mainmem.lazySnapshotHint = FALSE
Dec 28 22:32:49.356: vmx| DICT     hint.tools.toolsImage = FALSE
Dec 28 22:32:49.356: vmx| DICT pref.ws.openedObj4.present = FALSE
Dec 28 22:32:49.356: vmx| DICT   pref.ws.openedObj4.type = vm
Dec 28 22:32:49.356: vmx| DICT   pref.ws.openedObj4.path = /vm/#d7e9f9f6a803be5b/
Dec 28 22:32:49.356: vmx| DICT   pref.ws.openedObj4.file = C:\Users\Ecco\Documents\Virtual Machines\Windows 7\Windows Vista.vmx
Dec 28 22:32:49.356: vmx| DICT   pref.ws.openedObj4.name = Windows 7
Dec 28 22:32:49.356: vmx| DICT pref.snapshotManager.left = 485
Dec 28 22:32:49.356: vmx| DICT  pref.snapshotManager.top = 153
Dec 28 22:32:49.356: vmx| DICT pref.snapshotManager.right = 1035
Dec 28 22:32:49.356: vmx| DICT pref.snapshotManager.bottom = 633
Dec 28 22:32:49.356: vmx| DICT    pref.view.navBar.width = 313
Dec 28 22:32:49.356: vmx| DICT   pref.ws.openedObj2.type = vm
Dec 28 22:32:49.356: vmx| DICT   pref.ws.openedObj2.path = /vm/#247d25276ecd1104/
Dec 28 22:32:49.356: vmx| DICT   pref.ws.openedObj2.file = C:\Users\Ecco\Desktop\eos-core\vm\vm.vmx
Dec 28 22:32:49.356: vmx| DICT pref.ws.openedObj5.present = TRUE
Dec 28 22:32:49.356: vmx| DICT   pref.ws.openedObj5.type = vm
Dec 28 22:32:49.356: vmx| DICT   pref.ws.openedObj5.path = /vm/#860c8dc9c2c3c36e/
Dec 28 22:32:49.356: vmx| DICT   pref.ws.openedObj5.file = C:\Users\Ecco\Desktop\EOS\vmware\EOS.vmx
Dec 28 22:32:49.356: vmx| DICT   pref.ws.openedObj5.name = EOS
Dec 28 22:32:49.356: vmx| DICT   pref.ws.openedObj6.type = vm
Dec 28 22:32:49.357: vmx| DICT   pref.ws.openedObj6.path = /vm/#635e4b7c5ece80a6/
Dec 28 22:32:49.357: vmx| DICT   pref.ws.openedObj6.file = C:\Users\Ecco\Documents\Virtual Machines\Windows XP Professional\Windows XP Professional.vmx
Dec 28 22:32:49.357: vmx| DICT   pref.ws.openedObj6.name = Windows XP Professional
Dec 28 22:32:49.357: vmx| DICT pref.view.toolbars.menu.position.ix = 0
Dec 28 22:32:49.357: vmx| DICT pref.view.toolbars.menu.position.newLine = TRUE
Dec 28 22:32:49.357: vmx| DICT pref.view.toolbars.power.position.ix = 1
Dec 28 22:32:49.357: vmx| DICT pref.view.toolbars.power.position.newLine = TRUE
Dec 28 22:32:49.357: vmx| DICT pref.view.toolbars.power.position.length = 113
Dec 28 22:32:49.357: vmx| DICT pref.view.toolbars.snapshot.position.ix = 3
Dec 28 22:32:49.357: vmx| DICT pref.view.toolbars.snapshot.position.length = 75
Dec 28 22:32:49.357: vmx| DICT pref.view.toolbars.view.position.ix = 2
Dec 28 22:32:49.357: vmx| DICT pref.view.toolbars.view.position.length = 605
Dec 28 22:32:49.357: vmx| DICT pref.view.toolbars.vplay.position.ix = 4
Dec 28 22:32:49.357: vmx| DICT pref.view.toolbars.vplay.position.length = 75
Dec 28 22:32:49.357: vmx| DICT   pref.ws.openedObj7.type = vm
Dec 28 22:32:49.357: vmx| DICT   pref.ws.openedObj7.path = /vm/#85aa6214a9c163c8/
Dec 28 22:32:49.357: vmx| DICT   pref.ws.openedObj7.file = C:\Users\Ecco\Documents\Virtual Machines\Windows Server 2003 Standard Edition\Windows Server 2003 Standard Edition.vmx
Dec 28 22:32:49.357: vmx| DICT   pref.ws.openedObj7.name = Windows Server 2003 Standard Edition
Dec 28 22:32:49.357: vmx| DICT   pref.ws.openedObj8.type = vm
Dec 28 22:32:49.357: vmx| DICT   pref.ws.openedObj8.path = /vm/#8ca816d084928f76/
Dec 28 22:32:49.357: vmx| DICT   pref.ws.openedObj8.file = C:\Users\Ecco\Documents\Virtual Machines\fbstech\Windows Server 2003 Standard Edition.vmx
Dec 28 22:32:49.357: vmx| DICT   pref.ws.openedObj8.name = fbstech
Dec 28 22:32:49.357: vmx| DICT  hint.tools.toolsReminder = FALSE
Dec 28 22:32:49.357: vmx| DICT   pref.ws.openedObj0.type = vm
Dec 28 22:32:49.357: vmx| DICT   pref.ws.openedObj0.path = /vm/#247d25276ecd1104/
Dec 28 22:32:49.357: vmx| DICT   pref.ws.openedObj0.file = C:\Users\Ecco\Desktop\eos-core\vm\vm.vmx
Dec 28 22:32:49.357: vmx| DICT  pref.sharedFolder.maxNum = 2
Dec 28 22:32:49.357: vmx| DICT pref.sharedFolder0.vmPath = /vm/#29146c6eb01cb4a9/
Dec 28 22:32:49.357: vmx| DICT pref.sharedFolder0.guestName = Untitled-1
Dec 28 22:32:49.357: vmx| DICT pref.sharedFolder0.hostPath = C:\eos\build
Dec 28 22:32:49.357: vmx| DICT           hint.vmui.reset = FALSE
Dec 28 22:32:49.357: vmx| DICT     webUpdate.checkPeriod = manual
Dec 28 22:32:49.357: vmx| DICT pref.sharedFolder1.vmPath = /vm/#7e5cf6d88b85f01a/
Dec 28 22:32:49.357: vmx| DICT pref.sharedFolder1.guestName = Untitled-1
Dec 28 22:32:49.357: vmx| DICT pref.sharedFolder1.hostPath = C:\eos\build
Dec 28 22:32:49.357: vmx| DICT pref.view.toolbars.power.items.count = 4
Dec 28 22:32:49.357: vmx| DICT pref.view.toolbars.power.item0.id = POWER_OFF
Dec 28 22:32:49.357: vmx| DICT pref.view.toolbars.power.item1.id = SUSPEND
Dec 28 22:32:49.357: vmx| DICT pref.view.toolbars.power.item2.id = POWER_ON
Dec 28 22:32:49.357: vmx| DICT pref.view.toolbars.power.item3.id = RESET
Dec 28 22:32:49.357: vmx| DICT hint.mainmem.lazyResumeHint = FALSE
Dec 28 22:32:49.357: vmx| DICT pref.fullscreen.toolbarPixels = 0
Dec 28 22:32:49.357: vmx| DICT        pref.view.homepage = TRUE
Dec 28 22:32:49.357: vmx| DICT  hint.mks.hostAlphaCursor = FALSE
Dec 28 22:32:49.357: vmx| DICT --- USER DEFAULTS
Dec 28 22:32:49.357: vmx| DICT --- HOST DEFAULTS
Dec 28 22:32:49.357: vmx| DICT prefvmx.useRecommendedLockedMemSize = TRUE
Dec 28 22:32:49.357: vmx| DICT --- SITE DEFAULTS
Dec 28 22:32:49.357: vmx| DICT prefvmx.useRecommendedLockedMemSize = TRUE
Dec 28 22:32:49.357: vmx| DICT --- COMMAND LINE
Dec 28 22:32:49.357: vmx| DICT             gui.available = TRUE
Dec 28 22:32:49.357: vmx| DICT --- CONFIGURATION
Dec 28 22:32:49.357: vmx| DICT            config.version = 8
Dec 28 22:32:49.357: vmx| DICT         virtualHW.version = 6
Dec 28 22:32:49.357: vmx| DICT             scsi0.present = TRUE
Dec 28 22:32:49.357: vmx| DICT                   memsize = 16
Dec 28 22:32:49.357: vmx| DICT            ide0:0.present = TRUE
Dec 28 22:32:49.357: vmx| DICT           ide0:0.fileName = vm.vmdk
Dec 28 22:32:49.357: vmx| DICT            ide1:0.present = FALSE
Dec 28 22:32:49.357: vmx| DICT           ide1:0.fileName = vm-0.vmdk
Dec 28 22:32:49.357: vmx| DICT         ide1:0.deviceType = disk
Dec 28 22:32:49.357: vmx| DICT        floppy0.autodetect = TRUE
Dec 28 22:32:49.357: vmx| DICT         ethernet0.present = FALSE
Dec 28 22:32:49.358: vmx| DICT   ethernet0.wakeOnPcktRcv = FALSE
Dec 28 22:32:49.358: vmx| DICT             sound.present = FALSE
Dec 28 22:32:49.358: vmx| DICT            sound.fileName = -1
Dec 28 22:32:49.358: vmx| DICT          sound.autodetect = TRUE
Dec 28 22:32:49.358: vmx| DICT           svga.autodetect = TRUE
Dec 28 22:32:49.358: vmx| DICT        pciBridge0.present = TRUE
Dec 28 22:32:49.358: vmx| DICT        mks.keyboardFilter = allow
Dec 28 22:32:49.358: vmx| DICT               displayName = Other
Dec 28 22:32:49.358: vmx| DICT                   guestOS = other
Dec 28 22:32:49.358: vmx| DICT                     nvram = vm.nvram
Dec 28 22:32:49.358: vmx| DICT        deploymentPlatform = windows
Dec 28 22:32:49.358: vmx| DICT virtualHW.productCompatibility = hosted
Dec 28 22:32:49.358: vmx| DICT      tools.upgrade.policy = manual
Dec 28 22:32:49.358: vmx| DICT         ide1:0.autodetect = TRUE
Dec 28 22:32:49.358: vmx| DICT          floppy0.fileType = file
Dec 28 22:32:49.358: vmx| DICT          floppy0.fileName = boot.img
Dec 28 22:32:49.358: vmx| DICT      floppy0.clientDevice = FALSE
Dec 28 22:32:49.358: vmx| DICT isolation.tools.hgfs.disable = TRUE
Dec 28 22:32:49.358: vmx| DICT     ethernet0.addressType = generated
Dec 28 22:32:49.358: vmx| DICT             uuid.location = 56 4d 34 f4 00 14 3e d2-00 d1 b1 de cf 38 01 c2
Dec 28 22:32:49.358: vmx| DICT                 uuid.bios = 56 4d 34 f4 00 14 3e d2-00 d1 b1 de cf 38 01 c2
Dec 28 22:32:49.358: vmx| DICT               ide0:0.redo = 
Dec 28 22:32:49.358: vmx| DICT  pciBridge0.pciSlotNumber = 17
Dec 28 22:32:49.358: vmx| DICT       scsi0.pciSlotNumber = 16
Dec 28 22:32:49.358: vmx| DICT   ethernet0.pciSlotNumber = -1
Dec 28 22:32:49.358: vmx| DICT       sound.pciSlotNumber = -1
Dec 28 22:32:49.358: vmx| DICT ethernet0.generatedAddress = 00:0c:29:8a:41:37
Dec 28 22:32:49.358: vmx| DICT ethernet0.generatedAddressOffset = 0
Dec 28 22:32:49.358: vmx| DICT        extendedConfigFile = vm.vmxf
Dec 28 22:32:49.358: vmx| DICT           floppy0.present = TRUE
Dec 28 22:32:49.358: vmx| DICT            fileSearchPath = .
Dec 28 22:32:49.358: vmx| DICT    floppy0.startConnected = TRUE
Dec 28 22:32:49.358: vmx| DICT  ethernet0.startConnected = TRUE
Dec 28 22:32:49.358: vmx| DICT       tools.remindInstall = TRUE
Dec 28 22:32:49.358: vmx| DICT                   monitor = release
Dec 28 22:32:49.358: vmx| DICT monitor_control.log_vmsample = FALSE
Dec 28 22:32:49.358: vmx| DICT           serial0.present = TRUE
Dec 28 22:32:49.358: vmx| DICT    serial0.yieldOnMsrRead = FALSE
Dec 28 22:32:49.358: vmx| DICT          serial0.fileType = device
Dec 28 22:32:49.358: vmx| DICT          serial0.fileName = COM1
Dec 28 22:32:49.358: vmx| DICT       serial0.tryNoRxLoss = TRUE
Dec 28 22:32:49.358: vmx| DICT           scsi0:0.present = FALSE
Dec 28 22:32:49.358: vmx| DICT          scsi0:0.fileName = 
Dec 28 22:32:49.358: vmx| DICT        scsi0:0.deviceType = disk
Dec 28 22:32:49.358: vmx| DICT              scsi0:0.redo = 
Dec 28 22:32:49.358: vmx| DICT               usb.present = TRUE
Dec 28 22:32:49.358: vmx| DICT              ehci.present = FALSE
Dec 28 22:32:49.358: vmx| DICT        ehci.pciSlotNumber = -1
Dec 28 22:32:49.358: vmx| DICT               ide1:0.redo = 
Dec 28 22:32:49.358: vmx| DICT        gui.exitAtPowerOff = FALSE
Dec 28 22:32:49.358: vmx| DICT      gui.powerOnAtStartup = TRUE
Dec 28 22:32:49.358: vmx| DICT             svga.maxWidth = 1024
Dec 28 22:32:49.358: vmx| DICT            svga.maxHeight = 768
Dec 28 22:32:49.358: vmx| DICT             svga.vramSize = 3145728
Dec 28 22:32:49.358: vmx| DICT      disable_acceleration = FALSE
Dec 28 22:32:49.358: vmx| DICT     serial0.pipe.endPoint = server
Dec 28 22:32:49.359: vmx| DICT  ethernet0.connectionType = bridged
Dec 28 22:32:49.359: vmx| DICT            ide0:1.present = FALSE
Dec 28 22:32:49.359: vmx| DICT           ide0:1.fileName = auto detect
Dec 28 22:32:49.359: vmx| DICT               ide0:1.redo = 
Dec 28 22:32:49.359: vmx| DICT         ide0:1.autodetect = TRUE
Dec 28 22:32:49.359: vmx| DICT         ide0:1.deviceType = cdrom-raw
Dec 28 22:32:49.359: vmx| DICT            ide1:1.present = FALSE
Dec 28 22:32:49.359: vmx| DICT           ide1:1.fileName = 
Dec 28 22:32:49.359: vmx| DICT               ide1:1.redo = 
Dec 28 22:32:49.359: vmx| DICT         ide0:0.autodetect = TRUE
Dec 28 22:32:49.359: vmx| DICT         ide0:0.deviceType = disk
Dec 28 22:32:49.359: vmx| DICT         ide1:1.autodetect = TRUE
Dec 28 22:32:49.359: vmx| DICT         ide1:1.deviceType = disk
Dec 28 22:32:49.359: vmx| DICT     ide1:1.startConnected = FALSE
Dec 28 22:32:49.359: vmx| DICT        checkpoint.vmState = vm.vmss
Dec 28 22:32:49.359: vmx| DICT    serial0.startConnected = TRUE
Dec 28 22:32:49.359: vmx| DICT isolation.tools.dnd.disable = TRUE
Dec 28 22:32:49.359: vmx| DICT isolation.tools.copy.disable = TRUE
Dec 28 22:32:49.359: vmx| DICT isolation.tools.paste.disable = TRUE
Dec 28 22:32:49.359: vmx| DICT         snapshot.disabled = TRUE
Dec 28 22:32:49.359: vmx| DICT           snapshot.action = keep
Dec 28 22:32:49.359: vmx| DICT           floppy1.present = TRUE
Dec 28 22:32:49.359: vmx| DICT          floppy1.fileType = file
Dec 28 22:32:49.359: vmx| DICT          floppy1.fileName = kernel.img
Dec 28 22:32:49.359: vmx| DICT      floppy1.clientDevice = FALSE
Dec 28 22:32:49.359: vmx| DICT            msg.autoAnswer = TRUE
Dec 28 22:32:49.359: vmx| DICT      msg.serial.file.open = Append
Dec 28 22:32:49.359: vmx| DICT   usb.autoConnect.device0 = 
Dec 28 22:32:49.359: vmx| DICT --- USER DEFAULTS
Dec 28 22:32:49.359: vmx| DICT --- HOST DEFAULTS
Dec 28 22:32:49.359: vmx| DICT prefvmx.useRecommendedLockedMemSize = TRUE
Dec 28 22:32:49.359: vmx| DICT --- SITE DEFAULTS
Dec 28 22:32:49.359: vmx| DICT prefvmx.useRecommendedLockedMemSize = TRUE
Dec 28 22:32:49.359: vmx| DICT --- GLOBAL SETTINGS
Dec 28 22:32:49.370: vmx| hostCpuFeatures = 0x500001fa
Dec 28 22:32:49.370: vmx| hostNumPerfCounters = 2
Dec 28 22:32:49.418: vmx| DUMPER: restoring checkpoint version 8
Dec 28 22:32:49.419: vmx| Checkpointed in VMware Workstation, 6.0.0 build-45731, build-45731, Windows Host
Dec 28 22:32:49.419: vmx| Resuming virtual machine from C:\Users\Ecco\Desktop\eos-core\vm\vm.vmss with 16 MB of memory.
Dec 28 22:32:49.419: vmx| Host display topology 1920x1200.
Dec 28 22:32:49.419: vmx| SVGA using 2360x1770.
Dec 28 22:32:49.419: vmx| WSSCAN: reserved mem (in MB) min=32 max=3200 recommended=3200
Dec 28 22:32:49.419: vmx|         hostMem=3328 maxAllowedAll=-1 maxAllowedVM=8192
Dec 28 22:32:49.419: vmx|         totOverhead=16
Dec 28 22:32:49.419: vmx| WSSCAN: used rec mem (in MB) 3200
Dec 28 22:32:49.419: vmx| WSSCAN: Overhead 12093 paged 5341 nonpaged 4096 maxFBSize
Dec 28 22:32:49.429: vmx| WSSCAN 1 1 638807 638807 819200 667400 50 0
Dec 28 22:32:49.431: vmx| LICENSE using: 'HKEY_LOCAL_MACHINE\SOFTWARE\VMware, Inc.\VMware Workstation\License.ws.6.0.200907' 
Dec 28 22:32:49.448: vmx| LOG failed to remove stats32-2 failed: The system cannot find the file specified
Dec 28 22:32:49.448: vmx| LOG failed to remove stats64-2 failed: The system cannot find the file specified
Dec 28 22:32:49.451: vmx| guestCpuFeatures = 0x500001f0
Dec 28 22:32:49.451: vmx| APIC: Host Local APIC at 0xfee00000
Dec 28 22:32:49.454: vmx| vmm32-modules: [vmm.vmm32 .data:0x2b000 .sdata:0x2c000 .statvars:0x2d000 .peer:0x2e000 .shared:0x54000 .bss:0x65000 .rodata:0x6c000 .text:0x77000 .kstatvars:0x3000 ,mmu-pae.vmm32 .rodata:0x75d6c .data:0x2bdb0 .peer:0x52928 .shared:0x639f0 .bss:0x6abc0 .text:0xc996c .comment:0x40000cf0 .statvars:0x2000 .kstatvars:0x2000 .scb:0x400035a0 .shared_meta:0x400034b0 .peer_meta:0x40000ba0 ,sharedmmu-none.vmm32 .text:0xd3834 .comment:0x40000dec ,pv-none.vmm32 .data:0x2bdcc .peer:0x1000 .shared:0x64300 .bss:0x6b120 .text:0xd3850 .comment:0x40000dfe .statvars:0x1000 .kstatvars:0x1000 .shared_meta:0x40003720 ,hv-none.vmm32 .data:0x2bdd0 .peer:0x1000 .shared:0x1000 .bss:0x6b19c .text:0xd3950 .comment:0x40000e46 .statvars:0x1000 .kstatvars:0x1000 ,buslogic-buslogic.vmm32 .shared:0x64448 .bss:0x1000 .text:0xd39b4 .comment:0x40000e58 .scb:0x400036c0 .shared_meta:0x400037b0 ,<MonSrcFile> .rodata:0x75d7c ]
Dec 28 22:32:49.458: vmx| KHZEstimate 2520700
Dec 28 22:32:49.458: vmx| MHZEstimate 2521
Dec 28 22:32:49.458: vmx| NumVCPUs 1
Dec 28 22:32:49.459: vmx| guestCPUID vendor: GenuntelineI
Dec 28 22:32:49.459: vmx| guestCPUID level 00000000, 0: 0x0000000d 0x756e6547 0x6c65746e 0x49656e69
Dec 28 22:32:49.459: vmx| guestCPUID level 00000001, 0: 0x00010678 0x00010800 0x00000211 0x0febfbff
Dec 28 22:32:49.459: vmx| guestCPUID level 00000002, 0: 0x05b0b101 0x005657f0 0x00000000 0x2cb4307d
Dec 28 22:32:49.459: vmx| guestCPUID level 00000003, 0: 0x00000000 0x00000000 0x00000000 0x00000000
Dec 28 22:32:49.459: vmx| guestCPUID level 00000004, 0: 0x00000000 0x00000000 0x00000000 0x00000000
Dec 28 22:32:49.459: vmx| guestCPUID level 00000005, 0: 0x00000040 0x00000040 0x00000003 0x00022220
Dec 28 22:32:49.459: vmx| guestCPUID level 00000006, 0: 0x00000001 0x00000002 0x00000003 0x00000000
Dec 28 22:32:49.459: vmx| guestCPUID level 00000007, 0: 0x00000000 0x00000000 0x00000000 0x00000000
Dec 28 22:32:49.459: vmx| guestCPUID level 00000008, 0: 0x00000400 0x00000000 0x00000000 0x00000000
Dec 28 22:32:49.459: vmx| guestCPUID level 00000009, 0: 0x00000000 0x00000000 0x00000000 0x00000000
Dec 28 22:32:49.459: vmx| guestCPUID level 0000000a, 0: 0x07280202 0x00000000 0x00000000 0x00000503
Dec 28 22:32:49.459: vmx| guestCPUID level 0000000b, 0: 0x00000000 0x00000000 0x00000000 0x00000000
Dec 28 22:32:49.459: vmx| guestCPUID level 0000000c, 0: 0x00000000 0x00000000 0x00000000 0x00000000
Dec 28 22:32:49.459: vmx| guestCPUID level 0000000d, 0: 0x00000000 0x00000000 0x00000000 0x00000000
Dec 28 22:32:49.459: vmx| guestCPUID level 80000000, 0: 0x80000008 0x00000000 0x00000000 0x00000000
Dec 28 22:32:49.459: vmx| guestCPUID level 80000001, 0: 0x00000000 0x00000000 0x00000000 0x00100800
Dec 28 22:32:49.459: vmx| guestCPUID level 80000002, 0: 0x746e6550 0x286d7569 0x44202952 0x2d6c6175
Dec 28 22:32:49.459: vmx| guestCPUID level 80000003, 0: 0x65726f43 0x50432020 0x20202055 0x45202020
Dec 28 22:32:49.459: vmx| guestCPUID level 80000004, 0: 0x30303235 0x20402020 0x30352e32 0x007a4847
Dec 28 22:32:49.459: vmx| guestCPUID level 80000005, 0: 0x00000000 0x00000000 0x00000000 0x00000000
Dec 28 22:32:49.459: vmx| guestCPUID level 80000006, 0: 0x00000000 0x00000000 0x08006040 0x00000000
Dec 28 22:32:49.459: vmx| guestCPUID level 80000007, 0: 0x00000000 0x00000000 0x00000000 0x00000000
Dec 28 22:32:49.459: vmx| guestCPUID level 80000008, 0: 0x00003024 0x00000000 0x00000000 0x00000000
Dec 28 22:32:49.460: vmx| PShare: enabled 1, scanRate 32, checkRate 16
Dec 28 22:32:49.461: vmx| UUID: location-UUID is 56 4d 25 ff f0 a7 7c 3a-7a a1 df 4a 78 3f dc 3f
Dec 28 22:32:49.461: vmx| UUID: canonical path is c:\users\ecco\desktop\eos-core\vm\vm.vmx
Dec 28 22:32:49.461: vmx| UUID: location-UUID is 56 4d 34 f4 00 14 3e d2-00 d1 b1 de cf 38 01 c2
Dec 28 22:32:49.462: vmx| MM: Using partialmap, 4096 pages AC 0 CE 1 TM 0 DOHU 0
Dec 28 22:32:49.462: vmx| MStat: Creating Stat vm.uptime
Dec 28 22:32:49.462: vmx| MStat: Creating Stat vm.suspendTime
Dec 28 22:32:49.462: vmx| MStat: Creating Stat vm.powerOnTimeStamp
Dec 28 22:32:49.471: vmx| VMXVmdb_LoadRawConfig: Loading raw config
Dec 28 22:32:49.495: vmx| DISK: OPEN ide0:0 'C:\Users\Ecco\Desktop\eos-core\vm\vm.vmdk' persistent R[(null)]
Dec 28 22:32:49.597: vmx| DISKLIB-DSCPTR: Opened [0]: "vm.vmdk" (0xa)
Dec 28 22:32:49.597: vmx| DISKLIB-LINK  : Opened 'C:\Users\Ecco\Desktop\eos-core\vm\vm.vmdk' (0xa): monolithicSparse, 16777216 sectors / 8192 Mb.
Dec 28 22:32:49.598: vmx| DISKLIB-LIB   : Opened "C:\Users\Ecco\Desktop\eos-core\vm\vm.vmdk" (flags 0xa). 2651614
Dec 28 22:32:49.598: vmx| DiskGetGeometry: Reading of disk partition table
Dec 28 22:32:49.599: vmx| DISK: OPEN 'C:\Users\Ecco\Desktop\eos-core\vm\vm.vmdk' Geo (16383/16/63) BIOS Geo (0/0/0) freeSpace=24283Mb, ide
Dec 28 22:32:49.600: vmx| Msg_Reset:
Dec 28 22:32:49.600: vmx| ----------------------------------------
Dec 28 22:32:49.600: vmx| TimeTracker host to guest rate conversion 270646584147662 @ 2520700000Hz -> 270646584147662 @ 2520700000Hz
Dec 28 22:32:49.600: vmx| TimeTracker host to guest rate conversion ((x * 2147483648) >> 31) + 0
Dec 28 22:32:49.601: vmx| USB: Initializing 'Generic' backend
Dec 28 22:32:49.602: vmx| USBGW: Connected to HCMON version 2.3
Dec 28 22:32:49.602: vmx| USB: Initializing 'Virtual Hub' backend
Dec 28 22:32:49.602: vmx| USB: Initializing 'Virtual Mouse' backend
Dec 28 22:32:49.603: vmx| Host display topology 1920x1200.
Dec 28 22:32:49.603: vmx| SVGA using 2360x1770.
Dec 28 22:32:49.605: vmx| MKS REMOTE Loading VNC Configuration from VM config file
Dec 28 22:32:49.606: vmx| DISKUTIL: ide0:0 : capacity=16777216
Dec 28 22:32:49.607: vmx| Host display topology 1920x1200 with 1 displays.
Dec 28 22:32:49.608: vmx| SVGA using 2360x1770.
Dec 28 22:32:49.608: vmx| SCSI0: UNTAGGED commands will be converted to ORDER tags.
Dec 28 22:32:49.608: vmx| VLANCE: send cluster threshold is 80, size = 2 recalcInterval is 2 ticks
Dec 28 22:32:49.608: vmx| VMXNET: send cluster threshold is 80, size = 2 recalcInterval is 2 ticks, dontClusterSize is 128
Dec 28 22:32:49.608: vmx| E1000: checksum cycles/kB: C=978 asm=694
Dec 28 22:32:49.608: vmx| USB: Initializing 'UHCI' host controller
Dec 28 22:32:49.609: vmx| MStat: Creating Stat vm.heartbeat
Dec 28 22:32:49.609: vmx| DISKUTIL: ide0:0 : toolsVersion = 0
Dec 28 22:32:49.610: vmx| DISKUTIL: Offline toolsVersion = 0
Dec 28 22:32:49.610: vmx| Msg_Hint: msg.tools.toolsReminder (not sent)
Dec 28 22:32:49.610: vmx| Do not forget to install the VMware Tools package inside this virtual machine: wait until your guest operating system finishes booting, then choose VM > Install VMware Tools… and follow the instructions.
Dec 28 22:32:49.610: vmx| 
Dec 28 22:32:49.610: vmx| ---------------------------------------
Dec 28 22:32:49.610: vmx| TOOLS INSTALL initializing state to IDLE on power on.
Dec 28 22:32:49.612: vmx| PTSC to VMI Wallclock (nsec) 270646613633433 @ 2520700000Hz -> 1293607969000000000 @ 1000000000Hz
Dec 28 22:32:49.612: vmx| PTSC to VMI Wallclock (nsec) ((x * 3407757603) >> 33) + 1293500599375067758
Dec 28 22:32:49.612: vmx| VirtualProtect MapProtectMem(0x2ca0000,0x1000) returns 0x1e7
Dec 28 22:32:49.612: vmx| VirtualProtect MapProtectMem(0x2ca2000,0x0) returns 0x57
Dec 28 22:32:49.612: vmx| CPT: Restoring checkpoint C:\Users\Ecco\Desktop\eos-core\vm\vm.vmss
Dec 28 22:32:49.612: vmx| DUMPER: restoring checkpoint version 8
Dec 28 22:32:49.636: vmx| DUMPER: Item cpuid8A:eax [0, -1] not found
Dec 28 22:32:49.636: vmx| DUMPER: Item paraGuest [0, -1] not found
Dec 28 22:32:49.636: vmx| cptCPUID, ckpt vendor: GenuntelineI
Dec 28 22:32:49.636: vmx| cptCPUID, ckpt level 00000000, 0: 0x0000000d 0x756e6547 0x6c65746e 0x49656e69
Dec 28 22:32:49.636: vmx| cptCPUID, ckpt level 00000001, 0: 0x00010678 0x00010800 0x00000211 0x0febfbff
Dec 28 22:32:49.637: vmx| cptCPUID, ckpt level 80000000, 0: 0x80000008 0x00000000 0x00000000 0x00000000
Dec 28 22:32:49.637: vmx| cptCPUID, ckpt level 80000001, 0: 0x00000000 0x00000000 0x00000000 0x00100000
Dec 28 22:32:49.637: vmx| cptCPUID, ckpt level 80000008, 0: 0x00003024 0x00000000 0x00000000 0x00000000
Dec 28 22:32:49.637: vmx| cptCPUID, host vendor: GenuntelineI
Dec 28 22:32:49.637: vmx| cptCPUID, host level 00000000, 0: 0x0000000d 0x756e6547 0x6c65746e 0x49656e69
Dec 28 22:32:49.637: vmx| cptCPUID, host level 00000001, 0: 0x00010678 0x00010800 0x00000211 0x0febfbff
Dec 28 22:32:49.637: vmx| cptCPUID, host level 00000002, 0: 0x05b0b101 0x005657f0 0x00000000 0x2cb4307d
Dec 28 22:32:49.637: vmx| cptCPUID, host level 00000003, 0: 0x00000000 0x00000000 0x00000000 0x00000000
Dec 28 22:32:49.637: vmx| cptCPUID, host level 00000004, 0: 0x00000000 0x00000000 0x00000000 0x00000000
Dec 28 22:32:49.637: vmx| cptCPUID, host level 00000005, 0: 0x00000040 0x00000040 0x00000003 0x00022220
Dec 28 22:32:49.637: vmx| cptCPUID, host level 00000006, 0: 0x00000001 0x00000002 0x00000003 0x00000000
Dec 28 22:32:49.637: vmx| cptCPUID, host level 00000007, 0: 0x00000000 0x00000000 0x00000000 0x00000000
Dec 28 22:32:49.637: vmx| cptCPUID, host level 00000008, 0: 0x00000400 0x00000000 0x00000000 0x00000000
Dec 28 22:32:49.637: vmx| cptCPUID, host level 00000009, 0: 0x00000000 0x00000000 0x00000000 0x00000000
Dec 28 22:32:49.637: vmx| cptCPUID, host level 0000000a, 0: 0x07280202 0x00000000 0x00000000 0x00000503
Dec 28 22:32:49.637: vmx| cptCPUID, host level 0000000b, 0: 0x00000000 0x00000000 0x00000000 0x00000000
Dec 28 22:32:49.637: vmx| cptCPUID, host level 0000000c, 0: 0x00000000 0x00000000 0x00000000 0x00000000
Dec 28 22:32:49.637: vmx| cptCPUID, host level 0000000d, 0: 0x00000000 0x00000000 0x00000000 0x00000000
Dec 28 22:32:49.637: vmx| cptCPUID, host level 80000000, 0: 0x80000008 0x00000000 0x00000000 0x00000000
Dec 28 22:32:49.637: vmx| cptCPUID, host level 80000001, 0: 0x00000000 0x00000000 0x00000000 0x00100000
Dec 28 22:32:49.637: vmx| cptCPUID, host level 80000002, 0: 0x746e6550 0x286d7569 0x44202952 0x2d6c6175
Dec 28 22:32:49.637: vmx| cptCPUID, host level 80000003, 0: 0x65726f43 0x50432020 0x20202055 0x45202020
Dec 28 22:32:49.637: vmx| cptCPUID, host level 80000004, 0: 0x30303235 0x20402020 0x30352e32 0x007a4847
Dec 28 22:32:49.637: vmx| cptCPUID, host level 80000005, 0: 0x00000000 0x00000000 0x00000000 0x00000000
Dec 28 22:32:49.637: vmx| cptCPUID, host level 80000006, 0: 0x00000000 0x00000000 0x08006040 0x00000000
Dec 28 22:32:49.637: vmx| cptCPUID, host level 80000007, 0: 0x00000000 0x00000000 0x00000000 0x00000000
Dec 28 22:32:49.637: vmx| cptCPUID, host level 80000008, 0: 0x00003024 0x00000000 0x00000000 0x00000000
Dec 28 22:32:49.637: vmx| Warning: expected CPUID field 8000000a not found.
Dec 28 22:32:49.637: vmx| DUMPER: item inParaSMM [0,-1] in group cpu not used
Dec 28 22:32:49.637: vmx| DUMPER: item eip [0,-1] in group cpu not used
Dec 28 22:32:49.637: vmx|   restoring Snapshot
Dec 28 22:32:49.637: vmx| DUMPER: item cfgFile [-1,-1] in group Snapshot not used
Dec 28 22:32:49.637: vmx| DUMPER: item nvramFile [-1,-1] in group Snapshot not used
Dec 28 22:32:49.637: vmx|   restoring memory
Dec 28 22:32:49.638: vmx| Mapped mainmem as pageable
Dec 28 22:32:49.662: vmx| MM: using 'C:\Users\Ecco\Desktop\eos-core\vm\vm.vmem' as a paging file
Dec 28 22:32:49.662: vmx| Msg_Reset:
Dec 28 22:32:49.662: vmx| ----------------------------------------
Dec 28 22:32:49.662: vmx| Opened paging file C:\Users\Ecco\Desktop\eos-core\vm\vm.vmem
Dec 28 22:32:49.662: vmx| Lazy Restore with prefetch of 16 MB
Dec 28 22:32:49.662: vmx| Msg_Hint: msg.mainmem.lazyResumeHint (not sent)
Dec 28 22:32:49.662: vmx| Background snapshots are enabled so you can use a virtual machine while it is being resumed. If you have slow disks, performance may degrade while the operation is in progress. This behavior can be controlled under Edit > Preferences > Priority.
Dec 28 22:32:49.662: vmx| ---------------------------------------
Dec 28 22:32:49.704: MMPageWalker| MMC: Entering MM LazySave Loop
Dec 28 22:32:49.950: vmx|   restoring MStats
Dec 28 22:32:49.953: vmx|   restoring StateLogger
Dec 28 22:32:49.953: vmx|   restoring pic
Dec 28 22:32:49.955: vmx|   restoring TimeTracker
Dec 28 22:32:49.955: vmx| TimeTracker host to guest rate conversion 270646584147662 @ 2520700000Hz -> 270623301408325 @ 2520700000Hz
Dec 28 22:32:49.955: vmx| TimeTracker host to guest rate conversion ((x * 2147483648) >> 31) + -23282739337
Dec 28 22:32:49.955: vmx|   restoring Floppy
Dec 28 22:32:49.956: vmx|   restoring GuestMsg
Dec 28 22:32:49.956: vmx|   restoring GuestRpc
Dec 28 22:32:49.957: vmx|   restoring ide0:0
Dec 28 22:32:49.957: vmx|   restoring PCI
Dec 28 22:32:49.957: vmx|   restoring Cs440bx
Dec 28 22:32:49.959: vmx| DUMPER: item drb [1,-1] in group Cs440bx not used
Dec 28 22:32:49.959: vmx| DUMPER: item drb [0,-1] in group Cs440bx not used
Dec 28 22:32:49.959: vmx|   restoring PCIBridge0
Dec 28 22:32:49.960: vmx|   restoring vide
Dec 28 22:32:49.964: vmx| DUMPER: BlockItem monbuf [0, -1] not found
Dec 28 22:32:49.964: vmx| DUMPER: BlockItem monbuf [1, -1] not found
Dec 28 22:32:49.964: vmx| DUMPER: item setMultiple [0,-1] in group vide not used
Dec 28 22:32:49.964: vmx|   restoring VGA
Dec 28 22:32:49.999: vmx|   restoring SVGA
Dec 28 22:32:50.032: vmx| SVGA phys sizes: 2360x1770x32 offset 0 fb 0x01000000
Dec 28 22:32:50.032: vmx| SVGA compatible geometry on checkpoint restore
Dec 28 22:32:50.032: vmx| SVGA old geometry 2360x1770, max size = 16777216
Dec 28 22:32:50.032: vmx| SVGA new geometry 2360x1770, max size = 16777216
Dec 28 22:32:50.033: vmx| DUMPER: Item CursorType [-1, -1] not found
Dec 28 22:32:50.033: vmx|   restoring SCSI0
Dec 28 22:32:50.034: vmx|   restoring USB
Dec 28 22:32:50.034: vmx|   restoring Timer
Dec 28 22:32:50.036: vmx|   restoring Tools
Dec 28 22:32:50.036: vmx|   restoring Tools Install
Dec 28 22:32:50.036: vmx| TOOLS INSTALL setting state to 0 on restore.
Dec 28 22:32:50.036: vmx|   restoring MKSVMX
Dec 28 22:32:50.036: vmx| DUMPER: item imageData [-1,-1] in group MKSVMX not used
Dec 28 22:32:50.036: vmx|   restoring DMA
Dec 28 22:32:50.038: vmx|   restoring BackdoorAPM
Dec 28 22:32:50.038: vmx|   restoring CMOS
Dec 28 22:32:50.038: vmx|   restoring FlashRam
Dec 28 22:32:50.039: vmx|   restoring A20
Dec 28 22:32:50.039: vmx|   restoring Keyboard
Dec 28 22:32:50.041: vmx|   restoring backdoorAbsMouse
Dec 28 22:32:50.041: vmx|   restoring SIO
Dec 28 22:32:50.041: vmx|   restoring serial0
Dec 28 22:32:50.042: vmx|   restoring serial1
Dec 28 22:32:50.042: vmx|   restoring serial2
Dec 28 22:32:50.043: vmx|   restoring serial3
Dec 28 22:32:50.043: vmx|   restoring parallel0
Dec 28 22:32:50.043: vmx|   restoring parallel1
Dec 28 22:32:50.043: vmx|   restoring parallel2
Dec 28 22:32:50.044: vmx|   restoring ParaTime
Dec 28 22:32:50.044: vmx| PTSC to ParaTime RealCycles 270647702780633 @ 2520700000Hz -> 0 @ 2520700000Hz
Dec 28 22:32:50.044: vmx| PTSC to ParaTime RealCycles ((x * 2147483648) >> 31) + -270647702780633
Dec 28 22:32:50.044: vmx| ParaTime RealCycles to PTSC 0 @ 2520700000Hz -> 270647702780633 @ 2520700000Hz
Dec 28 22:32:50.044: vmx| ParaTime RealCycles to PTSC ((x * 2147483648) >> 31) + 270647702780633
Dec 28 22:32:50.044: vmx| PTSC to VMI Wallclock (nsec) 270647702976533 @ 2520700000Hz -> 1293607970000000000 @ 1000000000Hz
Dec 28 22:32:50.044: vmx| PTSC to VMI Wallclock (nsec) ((x * 3407757603) >> 33) + 1293500599942908794
Dec 28 22:32:50.044: vmx|   restoring monitorLate
Dec 28 22:32:50.044: vmx|   restoring devices
Dec 28 22:32:50.044: vmx| DUMPER: Dumper_EndRestore: update hdr magic
Dec 28 22:32:50.072: vmx| Msg_Reset:
Dec 28 22:32:50.072: vmx| ----------------------------------------
Dec 28 22:32:50.075: vmx| Msg_Reset:
Dec 28 22:32:50.075: vmx| ----------------------------------------
Dec 28 22:32:50.075: vmx| VMXVmdb_LoadRawConfig: Loading raw config
Dec 28 22:32:50.083: vmx| SVGA: Registering IOSpace at 0x10a0
Dec 28 22:32:50.083: vmx| TOOLS received request in VMX to set option 'enableDnD' -> '1'
Dec 28 22:32:50.083: vmx| DnD rpc already set to 0
Dec 28 22:32:50.083: vmx| DnD CopyPasteRegisterRpc already set to 0
Dec 28 22:32:50.098: vmx| VMX_PowerOn: ModuleTable_PowerOn = 1
Dec 28 22:32:50.098: vmx| VMX setting maximum IPC write buffers to 0 packets, 0 bytes
Dec 28 22:32:50.101: mks| Async MKS thread is alive
Dec 28 22:32:50.101: mks| Connecting to window system.
Dec 28 22:32:50.104: mks| KHBKL: Unable to parse keystring at: ''
Dec 28 22:32:50.119: vmx| DnD rpc already set to 0
Dec 28 22:32:50.119: vmx| DnD CopyPasteRegisterRpc already set to 0
Dec 28 22:32:50.120: vcpu-0| APIC: version = 0x14, max LVT = 5
Dec 28 22:32:50.120: vcpu-0| APIC: LDR = 0x2000000, DFR = 0xffffffff
Dec 28 22:32:50.123: vcpu-0| guestCpuFeatures = 0x500001f0
Dec 28 22:32:50.123: vcpu-0| Init modules.
Dec 28 22:32:50.129: vmx| serial0: dwProvSubType 1
Dec 28 22:32:50.129: vmx| serial0: DATABITS_5 supported: yes
Dec 28 22:32:50.129: vmx| serial0: DATABITS_6 supported: yes
Dec 28 22:32:50.129: vmx| serial0: DATABITS_7 supported: yes
Dec 28 22:32:50.129: vmx| serial0: DATABITS_8 supported: yes
Dec 28 22:32:50.129: vmx| serial0: STOPBITS_10 supported: yes
Dec 28 22:32:50.129: vmx| serial0: STOPBITS_15 supported: yes
Dec 28 22:32:50.129: vmx| serial0: STOPBITS_20 supported: yes
Dec 28 22:32:50.129: vmx| serial0: PARITY_NONE supported: yes
Dec 28 22:32:50.129: vmx| serial0: PARITY_ODD supported: yes
Dec 28 22:32:50.129: vmx| serial0: PARITY_EVEN supported: yes
Dec 28 22:32:50.129: vmx| serial0: PARITY_MARK supported: yes
Dec 28 22:32:50.129: vmx| serial0: PARITY_SPACE supported: yes
Dec 28 22:32:50.129: vmx| serial0: BAUD_075 supported: yes
Dec 28 22:32:50.129: vmx| serial0: BAUD_110 supported: yes
Dec 28 22:32:50.129: vmx| serial0: BAUD_134_5 supported: yes
Dec 28 22:32:50.129: vmx| serial0: BAUD_150 supported: yes
Dec 28 22:32:50.129: vmx| serial0: BAUD_300 supported: yes
Dec 28 22:32:50.129: vmx| serial0: BAUD_600 supported: yes
Dec 28 22:32:50.129: vmx| serial0: BAUD_1200 supported: yes
Dec 28 22:32:50.129: vmx| serial0: BAUD_1800 supported: yes
Dec 28 22:32:50.129: vmx| serial0: BAUD_2400 supported: yes
Dec 28 22:32:50.129: vmx| serial0: BAUD_4800 supported: yes
Dec 28 22:32:50.129: vmx| serial0: BAUD_7200 supported: yes
Dec 28 22:32:50.129: vmx| serial0: BAUD_9600 supported: yes
Dec 28 22:32:50.129: vmx| serial0: BAUD_14400 supported: yes
Dec 28 22:32:50.130: vmx| serial0: BAUD_19200 supported: yes
Dec 28 22:32:50.130: vmx| serial0: BAUD_38400 supported: yes
Dec 28 22:32:50.130: vmx| serial0: BAUD_56K supported: yes
Dec 28 22:32:50.130: vmx| serial0: BAUD_57600 supported: yes
Dec 28 22:32:50.130: vmx| serial0: BAUD_115200 supported: yes
Dec 28 22:32:50.130: vmx| serial0: BAUD_128K supported: no
Dec 28 22:32:50.130: vmx| serial0: BAUD_USER supported: yes
Dec 28 22:32:50.152: vmx| FLOPPYLIB-IMAGE: Invalid boot sector: signature ffff, sector size 512, sectors 2880
Dec 28 22:32:50.153: vmx| FLOPPYLIB-IMAGE: Expected: signature aa55, sector size 512, sectors 2880
Dec 28 22:32:50.153: vmx| FLOPPYLIB-IMAGE: Floppy geometry 80/2/18 detected from image size.
Dec 28 22:32:50.160: vmx| FLOPPYLIB-IMAGE: Floppy geometry 80/2/18 detected from boot sector.
Dec 28 22:32:50.176: vcpu-0| sz=3059680
Dec 28 22:32:50.179: vcpu-0| vmm32 initialized: Releasebuild-45731. cflags: 0x00000002.08000002.50000600.00000002
Dec 28 22:32:50.179: vcpu-0| Restoring VMM
Dec 28 22:32:50.179: vcpu-0| Cpt monModules(3).
Dec 28 22:32:50.179: vcpu-0| Done Cpt monModules(3).
Dec 28 22:32:50.179: vcpu-0| Sync monModules(4).
Dec 28 22:32:50.179: vcpu-0| Done Sync monModules(4).
Dec 28 22:32:50.179: vcpu-0| SVGA: Registering MemSpace at 0xf0000000(0xf0000000) and 0xe8000000(0xe8000000)
Dec 28 22:32:50.181: vcpu-0| MonitorInitNumaUnmapVMM32
Dec 28 22:32:50.205: vcpu-0| BIOS-UUID is 56 4d 34 f4 00 14 3e d2-00 d1 b1 de cf 38 01 c2
Dec 28 22:32:50.292: mks| Ignoring update request in VGA_Expose (mode change pending).
Dec 28 22:32:50.426: vcpu-0| DISKUTIL: ide0:0 : toolsVersion = 0
Dec 28 22:32:50.427: vcpu-0| DISKUTIL: Offline toolsVersion = 0
Dec 28 22:32:50.455: mks| Ignoring update request in VGA_Expose (mode change pending).
Dec 28 22:32:50.740: vmx| VMXVmdbCbVmVmxExecState: Exec state change requested to state poweredOff without reset
Dec 28 22:32:50.740: vmx| Stopping VCPU threads...
Dec 28 22:32:50.752: mks| Detaching from window system.
Dec 28 22:32:50.753: mks| Async MKS thread is exiting
Dec 28 22:32:50.753: vmx| DnD rpc already set to 0
Dec 28 22:32:50.753: vmx| TOOLS received request in VMX to set option 'enableDnD' -> '0'
Dec 28 22:32:50.753: vmx| DnD CopyPasteRegisterRpc already set to 0
Dec 28 22:32:50.753: vmx| TOOLS received request in VMX to set option 'copypaste' -> '0'
Dec 28 22:32:50.767: MMPageWalker| MMC: Exit MM Lazy Loop
Dec 28 22:32:50.767: vmx| MMC: Finished pending checkpoint op
Dec 28 22:32:50.767: vmx| MMC: Done flushing pending lazy op
Dec 28 22:32:50.844: vmx| MKS local poweroff
Dec 28 22:32:50.860: vmx| ide0:0: numIOs = 1 numMergedIOs = 0 numSplitIOs = 0 ( 0.0%)
Dec 28 22:32:50.877: vmx| AIOWIN32: asyncOps=1 syncOps=25 bufSize=4Kb delayed=0 fixed=2 sgOp=16 sgOn=1
Dec 28 22:32:50.884: vmx| WORKER: asyncOps=0 maxActiveOps=0 maxPending=0 maxCompleted=0
Dec 28 22:32:50.898: vmx| DUMPER: Deleted checkpoint file C:\Users\Ecco\Desktop\eos-core\vm\vm.vmss
Dec 28 22:32:50.988: vmx| vmdbPipe_Streams: Couldn't read
Dec 28 22:32:50.988: vmx| VMX idle exit
Dec 28 22:32:50.989: vmx| Flushing VMX VMDB connections
Dec 28 22:32:50.989: vmx| IPC_exit: disconnecting all threads
Dec 28 22:32:50.989: vmx| VMX exit (0).
Dec 28 22:32:50.989: vmx| AIOMGR-S : stat o=2 r=6 w=0 i=0 br=25600 bw=0
